0 info it worked if it ends with ok
1 verbose cli [ '/usr/local/bin/node', '/usr/local/bin/npm', 'run', 'start' ]
2 info using npm@3.10.10
3 info using node@v6.11.3
4 verbose run-script [ 'prestart', 'start', 'poststart' ]
5 info lifecycle magicbi@~prestart: magicbi@
6 silly lifecycle magicbi@~prestart: no script for prestart, continuing
7 info lifecycle magicbi@~start: magicbi@
8 verbose lifecycle magicbi@~start: unsafe-perm in lifecycle true
9 verbose lifecycle magicbi@~start: PATH: /usr/local/lib/node_modules/npm/bin/node-gyp-bin:/Users/alexandrehanot/Documents/Lab/Projects/MagicBI/node_modules/.bin:/Library/Frameworks/Python.framework/Versions/3.6/bin:/usr/local/bin:/usr/bin:/bin:/usr/sbin:/sbin
10 verbose lifecycle magicbi@~start: CWD: /Users/alexandrehanot/Documents/Lab/Projects/MagicBI
11 silly lifecycle magicbi@~start: Args: [ '-c', 'meteor --settings settings.json' ]
12 silly lifecycle magicbi@~start: Returned: code: 1  signal: null
13 info lifecycle magicbi@~start: Failed to exec start script
14 verbose stack Error: magicbi@ start: `meteor --settings settings.json`
14 verbose stack Exit status 1
14 verbose stack     at EventEmitter.<anonymous> (/usr/local/lib/node_modules/npm/lib/utils/lifecycle.js:255:16)
14 verbose stack     at emitTwo (events.js:106:13)
14 verbose stack     at EventEmitter.emit (events.js:191:7)
14 verbose stack     at ChildProcess.<anonymous> (/usr/local/lib/node_modules/npm/lib/utils/spawn.js:40:14)
14 verbose stack     at emitTwo (events.js:106:13)
14 verbose stack     at ChildProcess.emit (events.js:191:7)
14 verbose stack     at maybeClose (internal/child_process.js:920:16)
14 verbose stack     at Process.ChildProcess._handle.onexit (internal/child_process.js:230:5)
15 verbose pkgid magicbi@
16 verbose cwd /Users/alexandrehanot/Documents/Lab/Projects/MagicBI
17 error Darwin 17.2.0
18 error argv "/usr/local/bin/node" "/usr/local/bin/npm" "run" "start"
19 error node v6.11.3
20 error npm  v3.10.10
21 error code ELIFECYCLE
22 error magicbi@ start: `meteor --settings settings.json`
22 error Exit status 1
23 error Failed at the magicbi@ start script 'meteor --settings settings.json'.
23 error Make sure you have the latest version of node.js and npm installed.
23 error If you do, this is most likely a problem with the magicbi package,
23 error not with npm itself.
23 error Tell the author that this fails on your system:
23 error     meteor --settings settings.json
23 error You can get information on how to open an issue for this project with:
23 error     npm bugs magicbi
23 error Or if that isn't available, you can get their info via:
23 error     npm owner ls magicbi
23 error There is likely additional logging output above.
24 verbose exit [ 1, true ]
